<?xml version="1.0" encoding="UTF-8"?>
<testng-results ignored="0" total="4" passed="3" failed="1" skipped="0">
  <reporter-output>
  </reporter-output>
  <suite started-at="2022-11-25T13:59:58 IST" name="Suite" finished-at="2022-11-25T14:01:44 IST" duration-ms="105701">
    <groups>
    </groups>
    <test started-at="2022-11-25T13:59:58 IST" name="Luma Test" finished-at="2022-11-25T14:01:44 IST" duration-ms="105701">
      <class name="TestCases.TC_002_LogIn">
        <test-method is-config="true" signature="setUp()[pri:0, instance:TestCases.TC_002_LogIn@179ece50]" started-at="2022-11-25T13:59:58 IST" name="setUp" finished-at="2022-11-25T14:00:01 IST" duration-ms="2537" status="PASS">
          <reporter-output>
          </reporter-output>
        </test-method> <!-- setUp -->
        <test-method signature="checkLogIn()[pri:0, instance:TestCases.TC_002_LogIn@179ece50]" started-at="2022-11-25T14:00:01 IST" name="checkLogIn" finished-at="2022-11-25T14:00:12 IST" duration-ms="11173" status="PASS">
          <reporter-output>
          </reporter-output>
        </test-method> <!-- checkLogIn -->
        <test-method is-config="true" signature="captureScreenShot(org.testng.ITestResult)[pri:0, instance:TestCases.TC_002_LogIn@179ece50]" started-at="2022-11-25T14:00:12 IST" name="captureScreenShot" finished-at="2022-11-25T14:00:12 IST" duration-ms="0" status="PASS">
          <params>
            <param index="0">
              <value>
                <![CDATA[[TestResult name=checkLogIn status=SUCCESS method=TC_002_LogIn.checkLogIn()[pri:0, instance:TestCases.TC_002_LogIn@179ece50] output={null}]]]>
              </value>
            </param>
          </params>
          <reporter-output>
          </reporter-output>
        </test-method> <!-- captureScreenShot -->
        <test-method is-config="true" signature="CloseBrowser()[pri:0, instance:TestCases.TC_002_LogIn@179ece50]" started-at="2022-11-25T14:00:12 IST" name="CloseBrowser" finished-at="2022-11-25T14:00:12 IST" duration-ms="159" status="PASS">
          <reporter-output>
          </reporter-output>
        </test-method> <!-- CloseBrowser -->
      </class> <!-- TestCases.TC_002_LogIn -->
      <class name="TestCases.TC_003_AddToCart">
        <test-method is-config="true" signature="setUp()[pri:0, instance:TestCases.TC_003_AddToCart@489115ef]" started-at="2022-11-25T14:00:12 IST" name="setUp" finished-at="2022-11-25T14:00:13 IST" duration-ms="1014" status="PASS">
          <reporter-output>
          </reporter-output>
        </test-method> <!-- setUp -->
        <test-method signature="checkAddToCartFunctionaly()[pri:0, instance:TestCases.TC_003_AddToCart@489115ef]" started-at="2022-11-25T14:00:13 IST" name="checkAddToCartFunctionaly" finished-at="2022-11-25T14:00:45 IST" duration-ms="31692" status="PASS">
          <reporter-output>
          </reporter-output>
        </test-method> <!-- checkAddToCartFunctionaly -->
        <test-method is-config="true" signature="captureScreenShot(org.testng.ITestResult)[pri:0, instance:TestCases.TC_003_AddToCart@489115ef]" started-at="2022-11-25T14:00:45 IST" name="captureScreenShot" finished-at="2022-11-25T14:00:45 IST" duration-ms="0" status="PASS">
          <params>
            <param index="0">
              <value>
                <![CDATA[[TestResult name=checkAddToCartFunctionaly status=SUCCESS method=TC_003_AddToCart.checkAddToCartFunctionaly()[pri:0, instance:TestCases.TC_003_AddToCart@489115ef] output={null}]]]>
              </value>
            </param>
          </params>
          <reporter-output>
          </reporter-output>
        </test-method> <!-- captureScreenShot -->
        <test-method is-config="true" signature="CloseBrowser()[pri:0, instance:TestCases.TC_003_AddToCart@489115ef]" started-at="2022-11-25T14:00:45 IST" name="CloseBrowser" finished-at="2022-11-25T14:00:45 IST" duration-ms="144" status="PASS">
          <reporter-output>
          </reporter-output>
        </test-method> <!-- CloseBrowser -->
      </class> <!-- TestCases.TC_003_AddToCart -->
      <class name="TestCases.TC_001_CreateNewAC">
        <test-method is-config="true" signature="setUp()[pri:0, instance:TestCases.TC_001_CreateNewAC@3857f613]" started-at="2022-11-25T14:00:45 IST" name="setUp" finished-at="2022-11-25T14:00:46 IST" duration-ms="964" status="PASS">
          <reporter-output>
          </reporter-output>
        </test-method> <!-- setUp -->
        <test-method signature="CreateAC()[pri:0, instance:TestCases.TC_001_CreateNewAC@3857f613]" started-at="2022-11-25T14:00:46 IST" name="CreateAC" finished-at="2022-11-25T14:00:57 IST" duration-ms="10814" status="PASS">
          <reporter-output>
          </reporter-output>
        </test-method> <!-- CreateAC -->
        <test-method is-config="true" signature="captureScreenShot(org.testng.ITestResult)[pri:0, instance:TestCases.TC_001_CreateNewAC@3857f613]" started-at="2022-11-25T14:00:57 IST" name="captureScreenShot" finished-at="2022-11-25T14:00:57 IST" duration-ms="1" status="PASS">
          <params>
            <param index="0">
              <value>
                <![CDATA[[TestResult name=CreateAC status=SUCCESS method=TC_001_CreateNewAC.CreateAC()[pri:0, instance:TestCases.TC_001_CreateNewAC@3857f613] output={null}]]]>
              </value>
            </param>
          </params>
          <reporter-output>
          </reporter-output>
        </test-method> <!-- captureScreenShot -->
        <test-method is-config="true" signature="CloseBrowser()[pri:0, instance:TestCases.TC_001_CreateNewAC@3857f613]" started-at="2022-11-25T14:00:57 IST" name="CloseBrowser" finished-at="2022-11-25T14:00:57 IST" duration-ms="136" status="PASS">
          <reporter-output>
          </reporter-output>
        </test-method> <!-- CloseBrowser -->
      </class> <!-- TestCases.TC_001_CreateNewAC -->
      <class name="TestCases.TC_004_RemoveToCart">
        <test-method is-config="true" signature="setUp()[pri:0, instance:TestCases.TC_004_RemoveToCart@198b6731]" started-at="2022-11-25T14:00:57 IST" name="setUp" finished-at="2022-11-25T14:00:58 IST" duration-ms="1002" status="PASS">
          <reporter-output>
          </reporter-output>
        </test-method> <!-- setUp -->
        <test-method signature="checkRemoveToCart()[pri:0, instance:TestCases.TC_004_RemoveToCart@198b6731]" started-at="2022-11-25T14:00:58 IST" name="checkRemoveToCart" finished-at="2022-11-25T14:01:43 IST" duration-ms="45295" status="FAIL">
          <exception class="org.openqa.selenium.ElementNotInteractableException">
            <message>
              <![CDATA[element not interactable
  (Session info: chrome=107.0.5304.107)
Build info: version: '4.0.0-beta-3', revision: '5d108f9a67'
System info: host: 'GANESHA', ip: '192.168.236.190', os.name: 'Windows 11', os.arch: 'amd64', os.version: '10.0', java.version: '19'
Driver info: org.openqa.selenium.chrome.ChromeDriver
Command: [1d33e414236d9ecc344ffa523fd6586d, clickElement {id=5b812bb7-e876-4961-974b-f04938dd8913}]
Capabilities {acceptInsecureCerts: false, browserName: chrome, browserVersion: 107.0.5304.107, chrome: {chromedriverVersion: 107.0.5304.62 (1eec40d3a576..., userDataDir: C:\TEMP\scoped_dir15324_328...}, goog:chromeOptions: {debuggerAddress: localhost:50172}, javascriptEnabled: true, networkConnectionEnabled: false, pageLoadStrategy: normal, platform: WINDOWS, platformName: WINDOWS, proxy: Proxy(), se:cdp: ws://localhost:50172/devtoo..., se:cdpVersion: 107.0.5304.107, setWindowRect: true, strictFileInteractability: false, timeouts: {implicit: 0, pageLoad: 300000, script: 30000}, unhandledPromptBehavior: dismiss and notify, webauthn:extension:credBlob: true, webauthn:extension:largeBlob: true, webauthn:virtualAuthenticators: true}
Element: [[ChromeDriver: chrome on WINDOWS (1d33e414236d9ecc344ffa523fd6586d)] -> xpath: //a[@title='Remove item']]
Session ID: 1d33e414236d9ecc344ffa523fd6586d]]>
            </message>
            <full-stacktrace>
              <![CDATA[org.openqa.selenium.ElementNotInteractableException: element not interactable
  (Session info: chrome=107.0.5304.107)
Build info: version: '4.0.0-beta-3', revision: '5d108f9a67'
System info: host: 'GANESHA', ip: '192.168.236.190', os.name: 'Windows 11', os.arch: 'amd64', os.version: '10.0', java.version: '19'
Driver info: org.openqa.selenium.chrome.ChromeDriver
Command: [1d33e414236d9ecc344ffa523fd6586d, clickElement {id=5b812bb7-e876-4961-974b-f04938dd8913}]
Capabilities {acceptInsecureCerts: false, browserName: chrome, browserVersion: 107.0.5304.107, chrome: {chromedriverVersion: 107.0.5304.62 (1eec40d3a576..., userDataDir: C:\TEMP\scoped_dir15324_328...}, goog:chromeOptions: {debuggerAddress: localhost:50172}, javascriptEnabled: true, networkConnectionEnabled: false, pageLoadStrategy: normal, platform: WINDOWS, platformName: WINDOWS, proxy: Proxy(), se:cdp: ws://localhost:50172/devtoo..., se:cdpVersion: 107.0.5304.107, setWindowRect: true, strictFileInteractability: false, timeouts: {implicit: 0, pageLoad: 300000, script: 30000}, unhandledPromptBehavior: dismiss and notify, webauthn:extension:credBlob: true, webauthn:extension:largeBlob: true, webauthn:virtualAuthenticators: true}
Element: [[ChromeDriver: chrome on WINDOWS (1d33e414236d9ecc344ffa523fd6586d)] -> xpath: //a[@title='Remove item']]
Session ID: 1d33e414236d9ecc344ffa523fd6586d
at java.base/jdk.internal.reflect.DirectConstructorHandleAccessor.newInstance(DirectConstructorHandleAccessor.java:67)
at java.base/java.lang.reflect.Constructor.newInstanceWithCaller(Constructor.java:500)
at java.base/java.lang.reflect.Constructor.newInstance(Constructor.java:484)
at org.openqa.selenium.remote.codec.w3c.W3CHttpResponseCodec.createException(W3CHttpResponseCodec.java:198)
at org.openqa.selenium.remote.codec.w3c.W3CHttpResponseCodec.decode(W3CHttpResponseCodec.java:131)
at org.openqa.selenium.remote.codec.w3c.W3CHttpResponseCodec.decode(W3CHttpResponseCodec.java:52)
at org.openqa.selenium.remote.HttpCommandExecutor.execute(HttpCommandExecutor.java:184)
at org.openqa.selenium.remote.service.DriverCommandExecutor.invokeExecute(DriverCommandExecutor.java:153)
at org.openqa.selenium.remote.service.DriverCommandExecutor.execute(DriverCommandExecutor.java:128)
at org.openqa.selenium.remote.RemoteWebDriver.execute(RemoteWebDriver.java:619)
at org.openqa.selenium.remote.RemoteWebElement.execute(RemoteWebElement.java:237)
at org.openqa.selenium.remote.RemoteWebElement.click(RemoteWebElement.java:75)
at java.base/jdk.internal.reflect.DirectMethodHandleAccessor.invoke(DirectMethodHandleAccessor.java:104)
at java.base/java.lang.reflect.Method.invoke(Method.java:578)
at org.openqa.selenium.support.pagefactory.internal.LocatingElementHandler.invoke(LocatingElementHandler.java:52)
at jdk.proxy2/jdk.proxy2.$Proxy33.click(Unknown Source)
at pOM.Jackets.clickRemoveToCart(Jackets.java:53)
at TestCases.TC_004_RemoveToCart.checkRemoveToCart(TC_004_RemoveToCart.java:49)
at java.base/jdk.internal.reflect.DirectMethodHandleAccessor.invoke(DirectMethodHandleAccessor.java:104)
at java.base/java.lang.reflect.Method.invoke(Method.java:578)
at org.testng.internal.invokers.MethodInvocationHelper.invokeMethod(MethodInvocationHelper.java:139)
at org.testng.internal.invokers.TestInvoker.invokeMethod(TestInvoker.java:677)
at org.testng.internal.invokers.TestInvoker.invokeTestMethod(TestInvoker.java:221)
at org.testng.internal.invokers.MethodRunner.runInSequence(MethodRunner.java:50)
at org.testng.internal.invokers.TestInvoker$MethodInvocationAgent.invoke(TestInvoker.java:962)
at org.testng.internal.invokers.TestInvoker.invokeTestMethods(TestInvoker.java:194)
at org.testng.internal.invokers.TestMethodWorker.invokeTestMethods(TestMethodWorker.java:148)
at org.testng.internal.invokers.TestMethodWorker.run(TestMethodWorker.java:128)
at java.base/java.util.ArrayList.forEach(ArrayList.java:1511)
at org.testng.TestRunner.privateRun(TestRunner.java:806)
at org.testng.TestRunner.run(TestRunner.java:601)
at org.testng.SuiteRunner.runTest(SuiteRunner.java:433)
at org.testng.SuiteRunner.runSequentially(SuiteRunner.java:427)
at org.testng.SuiteRunner.privateRun(SuiteRunner.java:387)
at org.testng.SuiteRunner.run(SuiteRunner.java:330)
at org.testng.SuiteRunnerWorker.runSuite(SuiteRunnerWorker.java:52)
at org.testng.SuiteRunnerWorker.run(SuiteRunnerWorker.java:95)
at org.testng.TestNG.runSuitesSequentially(TestNG.java:1256)
at org.testng.TestNG.runSuitesLocally(TestNG.java:1176)
at org.testng.TestNG.runSuites(TestNG.java:1099)
at org.testng.TestNG.run(TestNG.java:1067)
at org.testng.remote.AbstractRemoteTestNG.run(AbstractRemoteTestNG.java:115)
at org.testng.remote.RemoteTestNG.initAndRun(RemoteTestNG.java:251)
at org.testng.remote.RemoteTestNG.main(RemoteTestNG.java:77)
]]>
            </full-stacktrace>
          </exception> <!-- org.openqa.selenium.ElementNotInteractableException -->
          <reporter-output>
          </reporter-output>
        </test-method> <!-- checkRemoveToCart -->
        <test-method is-config="true" signature="captureScreenShot(org.testng.ITestResult)[pri:0, instance:TestCases.TC_004_RemoveToCart@198b6731]" started-at="2022-11-25T14:01:43 IST" name="captureScreenShot" finished-at="2022-11-25T14:01:43 IST" duration-ms="232" status="PASS">
          <params>
            <param index="0">
              <value>
                <![CDATA[[TestResult name=checkRemoveToCart status=FAILURE method=TC_004_RemoveToCart.checkRemoveToCart()[pri:0, instance:TestCases.TC_004_RemoveToCart@198b6731] output={null}]]]>
              </value>
            </param>
          </params>
          <reporter-output>
          </reporter-output>
        </test-method> <!-- captureScreenShot -->
        <test-method is-config="true" signature="CloseBrowser()[pri:0, instance:TestCases.TC_004_RemoveToCart@198b6731]" started-at="2022-11-25T14:01:43 IST" name="CloseBrowser" finished-at="2022-11-25T14:01:44 IST" duration-ms="164" status="PASS">
          <reporter-output>
          </reporter-output>
        </test-method> <!-- CloseBrowser -->
      </class> <!-- TestCases.TC_004_RemoveToCart -->
    </test> <!-- Luma Test -->
  </suite> <!-- Suite -->
</testng-results>
